<?xml version="1.0" encoding="UTF-8"?>
<testsuite xmlns:xsi="http://www.w3.org/2001/XMLSchema-instance" xsi:noNamespaceSchemaLocation="https://maven.apache.org/surefire/maven-surefire-plugin/xsd/surefire-test-report.xsd" name="it.unipd.mtss.AppTest" time="0.031" tests="1" errors="0" skipped="0" failures="0">
  <properties>
    <property name="java.specification.version" value="17"/>
    <property name="sun.cpu.isalist" value="amd64"/>
    <property name="sun.jnu.encoding" value="Cp1252"/>
    <property name="java.class.path" value="C:\Users\marca\AppData\Local\PersonalData\Università\3° Anno\MTSS\GitHub\MTSS_assignment_2\roman-number\target\test-classes;C:\Users\marca\AppData\Local\PersonalData\Università\3° Anno\MTSS\GitHub\MTSS_assignment_2\roman-number\target\classes;C:\Users\marca\.m2\repository\junit\junit\4.11\junit-4.11.jar;C:\Users\marca\.m2\repository\org\hamcrest\hamcrest-core\1.3\hamcrest-core-1.3.jar;"/>
    <property name="java.vm.vendor" value="Oracle Corporation"/>
    <property name="sun.arch.data.model" value="64"/>
    <property name="user.variant" value=""/>
    <property name="java.vendor.url" value="https://java.oracle.com/"/>
    <property name="user.timezone" value="Europe/Rome"/>
    <property name="os.name" value="Windows 11"/>
    <property name="java.vm.specification.version" value="17"/>
    <property name="sun.java.launcher" value="SUN_STANDARD"/>
    <property name="user.country" value="IT"/>
    <property name="sun.boot.library.path" value="C:\Program Files\OpenJDK\jdk-17.0.2\bin"/>
    <property name="sun.java.command" value="C:\Users\marca\AppData\Local\Temp\surefire18118883308096494674\surefirebooter4596894899571599670.jar C:\Users\marca\AppData\Local\Temp\surefire18118883308096494674 2023-05-09T10-11-45_215-jvmRun1 surefire12174494415088528860tmp surefire_017818682365152676528tmp"/>
    <property name="jdk.debug" value="release"/>
    <property name="surefire.test.class.path" value="C:\Users\marca\AppData\Local\PersonalData\Università\3° Anno\MTSS\GitHub\MTSS_assignment_2\roman-number\target\test-classes;C:\Users\marca\AppData\Local\PersonalData\Università\3° Anno\MTSS\GitHub\MTSS_assignment_2\roman-number\target\classes;C:\Users\marca\.m2\repository\junit\junit\4.11\junit-4.11.jar;C:\Users\marca\.m2\repository\org\hamcrest\hamcrest-core\1.3\hamcrest-core-1.3.jar;"/>
    <property name="sun.cpu.endian" value="little"/>
    <property name="user.home" value="C:\Users\marca"/>
    <property name="user.language" value="it"/>
    <property name="java.specification.vendor" value="Oracle Corporation"/>
    <property name="java.version.date" value="2022-01-18"/>
    <property name="java.home" value="C:\Program Files\OpenJDK\jdk-17.0.2"/>
    <property name="file.separator" value="\"/>
    <property name="basedir" value="C:\Users\marca\AppData\Local\PersonalData\Università\3° Anno\MTSS\GitHub\MTSS_assignment_2\roman-number"/>
    <property name="java.vm.compressedOopsMode" value="32-bit"/>
    <property name="line.separator" value="&#10;"/>
    <property name="java.vm.specification.vendor" value="Oracle Corporation"/>
    <property name="java.specification.name" value="Java Platform API Specification"/>
    <property name="surefire.real.class.path" value="C:\Users\marca\AppData\Local\Temp\surefire18118883308096494674\surefirebooter4596894899571599670.jar"/>
    <property name="user.script" value=""/>
    <property name="sun.management.compiler" value="HotSpot 64-Bit Tiered Compilers"/>
    <property name="java.runtime.version" value="17.0.2+8-86"/>
    <property name="user.name" value="marca"/>
    <property name="path.separator" value=";"/>
    <property name="os.version" value="10.0"/>
    <property name="java.runtime.name" value="OpenJDK Runtime Environment"/>
    <property name="file.encoding" value="Cp1252"/>
    <property name="java.vm.name" value="OpenJDK 64-Bit Server VM"/>
    <property name="localRepository" value="C:\Users\marca\.m2\repository"/>
    <property name="java.vendor.url.bug" value="https://bugreport.java.com/bugreport/"/>
    <property name="java.io.tmpdir" value="C:\Users\marca\AppData\Local\Temp\"/>
    <property name="java.version" value="17.0.2"/>
    <property name="user.dir" value="C:\Users\marca\AppData\Local\PersonalData\Università\3° Anno\MTSS\GitHub\MTSS_assignment_2\roman-number"/>
    <property name="os.arch" value="amd64"/>
    <property name="java.vm.specification.name" value="Java Virtual Machine Specification"/>
    <property name="sun.os.patch.level" value=""/>
    <property name="native.encoding" value="Cp1252"/>
    <property name="java.library.path" value="C:\Program Files\OpenJDK\jdk-17.0.2\bin;C:\WINDOWS\Sun\Java\bin;C:\WINDOWS\system32;C:\WINDOWS;C:\WINDOWS\system32;C:\WINDOWS;C:\WINDOWS\System32\Wbem;C:\WINDOWS\System32\WindowsPowerShell\v1.0\;C:\WINDOWS\System32\OpenSSH\;C:\Users\marca\AppData\Local\Programs\Strawberry\c\bin;C:\Users\marca\AppData\Local\Programs\Strawberry\perl\site\bin;C:\Users\marca\AppData\Local\Programs\Strawberry\perl\bin;C:\ProgramData\chocolatey\bin;C:\Users\marca\AppData\Local\Programs\TortoiseHg\;C:\Program Files\OpenJDK\jdk-17.0.2\bin;C:\Users\marca\AppData\Local\Programs\MATLAB\R2022a\bin;C:\Program Files\dotnet\;C:\Program Files (x86)\dotnet\;C:\Users\marca\AppData\Local\Programs\Nodejs\;C:\Users\marca\AppData\Local\Programs\Putty\;C:\Program Files\PowerShell\7\;C:\Users\marca\AppData\Local\Programs\Python\Python39\Scripts\;C:\Users\marca\AppData\Local\Programs\Python\Python39\;C:\Users\marca\AppData\Local\Microsoft\WindowsApps;C:\Users\marca\AppData\Local\Programs\Microsoft VS Code\bin;C:\Users\marca\AppData\Local\SoftwareDevelopmentKit\flutter\bin;C:\Users\marca\AppData\Local\Programs\Git\bin;C:\Users\marca\AppData\Local\SoftwareDevelopmentKit\Android\emulator;C:\Users\marca\AppData\Local\SoftwareDevelopmentKit\Android\platform-tools;C:\Users\marca\AppData\Local\SoftwareDevelopmentKit\Android\cmdline-tools\bin;C:\Users\marca\AppData\Local\SoftwareDevelopmentKit\C++\mingw-w64\i686-8.1.0-posix-dwarf-rt_v6-rev0\mingw32\bin;C:\Program Files (x86)\GitHub CLI\;C:\Users\marca\AppData\Local\Programs\MiKTeX\miktex\bin\x64\;C:\Users\marca\AppData\Local\Programs\PostgreSQL\14\lib;C:\Users\marca\AppData\Local\Programs\PostgreSQL\14\bin;C:\Users\marca\AppData\Roaming\npm;C:\Users\marca\AppData\Local\SoftwareDevelopmentKit\apache-maven-3.9.1\bin;."/>
    <property name="java.vm.info" value="mixed mode, sharing"/>
    <property name="java.vendor" value="Oracle Corporation"/>
    <property name="java.vm.version" value="17.0.2+8-86"/>
    <property name="sun.io.unicode.encoding" value="UnicodeLittle"/>
    <property name="java.class.version" value="61.0"/>
  </properties>
  <testcase name="shouldAnswerWithTrue" classname="it.unipd.mtss.AppTest" time="0"/>
</testsuite>